<?xml version="1.0" encoding="UTF-8"?><testsuite errors="0" failures="0" name="com.bestbuy.serenity.crudtest.StoresCRUDTest" skipped="0" tests="4" time="18.35" timestamp="2023-06-07T00:30:16.722+01:00[Europe/London]"><testcase classname="com.bestbuy.serenity.crudtest.StoresCRUDTest" name="Creating store and verifying the creation."/><testcase classname="com.bestbuy.serenity.crudtest.StoresCRUDTest" name="Getting store information by id."/><testcase classname="com.bestbuy.serenity.crudtest.StoresCRUDTest" name="Updating store information by id."/><testcase classname="com.bestbuy.serenity.crudtest.StoresCRUDTest" name="Deleting the store and verifying the deletion."/></testsuite>