<?xml version="1.0" encoding="UTF-8"?><testsuite errors="0" failures="0" name="com.bestbuy.serenity.crudtest.ProductsCRUDTest" skipped="0" tests="4" time="16.44" timestamp="2023-06-07T00:31:58.344+01:00[Europe/London]"><testcase classname="com.bestbuy.serenity.crudtest.ProductsCRUDTest" name="Creating a new product."/><testcase classname="com.bestbuy.serenity.crudtest.ProductsCRUDTest" name="Getting single product."/><testcase classname="com.bestbuy.serenity.crudtest.ProductsCRUDTest" name="Updating the product."/><testcase classname="com.bestbuy.serenity.crudtest.ProductsCRUDTest" name="Deleting the product and verifying the deletion."/></testsuite>